kotlin version: 2.3.20
error message: java.lang.RuntimeException: Exception while generating code for:
FUN FUNCTION_FOR_DEFAULT_PARAMETER name:PhotoBackupRoot$default visibility:public modality:FINAL returnType:kotlin.Unit
  VALUE_PARAMETER kind:Regular name:viewModel index:0 type:nl.codingwithlinda.cloud_photo_upload.presentation.PhotoBackupViewModel? [assignable]
    EXPRESSION_BODY
      ERROR_EXPR 'Default Stub' type=nl.codingwithlinda.cloud_photo_upload.presentation.PhotoBackupViewModel
  VALUE_PARAMETER kind:Regular name:modifier index:1 type:androidx.compose.ui.Modifier? [assignable]
    EXPRESSION_BODY
      ERROR_EXPR 'Default Stub' type=androidx.compose.ui.Modifier
  VALUE_PARAMETER MASK_FOR_DEFAULT_FUNCTION kind:Regular name:$mask0 index:2 type:kotlin.Int
  VALUE_PARAMETER METHOD_HANDLER_IN_DEFAULT_FUNCTION kind:Regular name:$handler index:3 type:kotlin.Any?
  annotations:
    Composable
  BLOCK_BODY
    WHEN type=kotlin.Unit origin=null
      BRANCH
        if: CALL 'public final fun not (): kotlin.Boolean [operator] declared in kotlin.Boolean' type=kotlin.Boolean origin=EXCLEQ
          ARG <this>: CALL 'public final fun EQEQ (arg0: kotlin.Any?, arg1: kotlin.Any?): kotlin.Boolean declared in kotlin.internal.ir' type=kotlin.Boolean origin=EXCLEQ
            ARG arg0: CALL 'public final fun and (other: kotlin.Int): kotlin.Int [infix] declared in kotlin.Int' type=kotlin.Int origin=null
              ARG <this>: GET_VAR '$mask0: kotlin.Int declared in nl.codingwithlinda.cloud_photo_upload.presentation.PhotoBackupRootKt.PhotoBackupRoot$default' type=kotlin.Int origin=null
              ARG other: CONST Int type=kotlin.Int value=1
            ARG arg1: CONST Int type=kotlin.Int value=0
        then: SET_VAR 'viewModel: nl.codingwithlinda.cloud_photo_upload.presentation.PhotoBackupViewModel? [assignable] declared in nl.codingwithlinda.cloud_photo_upload.presentation.PhotoBackupRootKt.PhotoBackupRoot$default' type=kotlin.Unit origin=EQ
          TYPE_OP type=nl.codingwithlinda.cloud_photo_upload.presentation.PhotoBackupViewModel origin=IMPLICIT_CAST typeOperand=nl.codingwithlinda.cloud_photo_upload.presentation.PhotoBackupViewModel
            CALL 'public final fun koinViewModel$default <T> (qualifier: org.koin.core.qualifier.Qualifier?, viewModelStoreOwner: androidx.lifecycle.ViewModelStoreOwner?, key: kotlin.String?, extras: androidx.lifecycle.viewmodel.CreationExtras?, scope: org.koin.core.scope.Scope?, parameters: kotlin.Function0<org.koin.core.parameter.ParametersHolder>?, $mask0: kotlin.Int, $handler: kotlin.Any?): T of org.koin.androidx.compose.ViewModelKt.koinViewModel$default [inline] declared in org.koin.androidx.compose.ViewModelKt' type=T of org.koin.androidx.compose.ViewModelKt.koinViewModel$default origin=DEFAULT_DISPATCH_CALL
              TYPE_ARG T: nl.codingwithlinda.cloud_photo_upload.presentation.PhotoBackupViewModel
              ARG qualifier: COMPOSITE type=org.koin.core.qualifier.Qualifier? origin=DEFAULT_VALUE
                CONST Null type=org.koin.core.qualifier.Qualifier? value=null
              ARG viewModelStoreOwner: COMPOSITE type=androidx.lifecycle.ViewModelStoreOwner? origin=DEFAULT_VALUE
                CONST Null type=androidx.lifecycle.ViewModelStoreOwner? value=null
              ARG key: COMPOSITE type=kotlin.String? origin=DEFAULT_VALUE
                CONST Null type=kotlin.String? value=null
              ARG extras: COMPOSITE type=androidx.lifecycle.viewmodel.CreationExtras? origin=DEFAULT_VALUE
                CONST Null type=androidx.lifecycle.viewmodel.CreationExtras? value=null
              ARG scope: COMPOSITE type=org.koin.core.scope.Scope? origin=DEFAULT_VALUE
                CONST Null type=org.koin.core.scope.Scope? value=null
              ARG parameters: COMPOSITE type=kotlin.Function0<org.koin.core.parameter.ParametersHolder>? origin=DEFAULT_VALUE
                CONST Null type=kotlin.Function0<org.koin.core.parameter.ParametersHolder>? value=null
              ARG $mask0: CONST Int type=kotlin.Int value=63
              ARG $handler: CONST Null type=kotlin.Any? value=null
    WHEN type=kotlin.Unit origin=null
      BRANCH
        if: CALL 'public final fun not (): kotlin.Boolean [operator] declared in kotlin.Boolean' type=kotlin.Boolean origin=EXCLEQ
          ARG <this>: CALL 'public final fun EQEQ (arg0: kotlin.Any?, arg1: kotlin.Any?): kotlin.Boolean declared in kotlin.internal.ir' type=kotlin.Boolean origin=EXCLEQ
            ARG arg0: CALL 'public final fun and (other: kotlin.Int): kotlin.Int [infix] declared in kotlin.Int' type=kotlin.Int origin=null
              ARG <this>: GET_VAR '$mask0: kotlin.Int declared in nl.codingwithlinda.cloud_photo_upload.presentation.PhotoBackupRootKt.PhotoBackupRoot$default' type=kotlin.Int origin=null
              ARG other: CONST Int type=kotlin.Int value=2
            ARG arg1: CONST Int type=kotlin.Int value=0
        then: SET_VAR 'modifier: androidx.compose.ui.Modifier? [assignable] declared in nl.codingwithlinda.cloud_photo_upload.presentation.PhotoBackupRootKt.PhotoBackupRoot$default' type=kotlin.Unit origin=EQ
          GET_FIELD 'FIELD FIELD_FOR_OBJECT_INSTANCE name:Companion type:androidx.compose.ui.Modifier.Companion visibility:public [final,static] declared in androidx.compose.ui.Modifier' type=androidx.compose.ui.Modifier.Companion origin=null
    RETURN type=kotlin.Nothing from='public final fun PhotoBackupRoot$default (viewModel: nl.codingwithlinda.cloud_photo_upload.presentation.PhotoBackupViewModel?, modifier: androidx.compose.ui.Modifier?, $mask0: kotlin.Int, $handler: kotlin.Any?): kotlin.Unit declared in nl.codingwithlinda.cloud_photo_upload.presentation.PhotoBackupRootKt'
      CALL 'public final fun PhotoBackupRoot (viewModel: nl.codingwithlinda.cloud_photo_upload.presentation.PhotoBackupViewModel, modifier: androidx.compose.ui.Modifier): kotlin.Unit declared in nl.codingwithlinda.cloud_photo_upload.presentation.PhotoBackupRootKt' type=kotlin.Unit origin=DEFAULT_STUB_CALL_TO_IMPLEMENTATION
        ARG viewModel: TYPE_OP type=nl.codingwithlinda.cloud_photo_upload.presentation.PhotoBackupViewModel origin=IMPLICIT_CAST typeOperand=nl.codingwithlinda.cloud_photo_upload.presentation.PhotoBackupViewModel
          GET_VAR 'viewModel: nl.codingwithlinda.cloud_photo_upload.presentation.PhotoBackupViewModel? [assignable] declared in nl.codingwithlinda.cloud_photo_upload.presentation.PhotoBackupRootKt.PhotoBackupRoot$default' type=nl.codingwithlinda.cloud_photo_upload.presentation.PhotoBackupViewModel? origin=null
        ARG modifier: TYPE_OP type=androidx.compose.ui.Modifier origin=IMPLICIT_CAST typeOperand=androidx.compose.ui.Modifier
          GET_VAR 'modifier: androidx.compose.ui.Modifier? [assignable] declared in nl.codingwithlinda.cloud_photo_upload.presentation.PhotoBackupRootKt.PhotoBackupRoot$default' type=androidx.compose.ui.Modifier? origin=null

	at org.jetbrains.kotlin.backend.jvm.codegen.FunctionCodegen.generate(FunctionCodegen.kt:57)
	at org.jetbrains.kotlin.backend.jvm.codegen.FunctionCodegen.generate$default(FunctionCodegen.kt:50)
	at org.jetbrains.kotlin.backend.jvm.codegen.ClassCodegen.generateMethodNode(ClassCodegen.kt:428)
	at org.jetbrains.kotlin.backend.jvm.codegen.ClassCodegen.generateMethod(ClassCodegen.kt:445)
	at org.jetbrains.kotlin.backend.jvm.codegen.ClassCodegen.generate(ClassCodegen.kt:168)
	at org.jetbrains.kotlin.backend.jvm.JvmIrCodegenFactory.generateFile(JvmIrCodegenFactory.kt:467)
	at org.jetbrains.kotlin.backend.jvm.JvmIrCodegenFactory.invokeCodegen(JvmIrCodegenFactory.kt:433)
	at org.jetbrains.kotlin.cli.jvm.compiler.KotlinToJVMBytecodeCompiler.runCodegen$cli(KotlinToJVMBytecodeCompiler.kt:409)
	at org.jetbrains.kotlin.cli.pipeline.jvm.JvmBackendPipelinePhase.executePhase(JvmBackendPipelinePhase.kt:89)
	at org.jetbrains.kotlin.cli.pipeline.jvm.JvmBackendPipelinePhase.executePhase(JvmBackendPipelinePhase.kt:27)
	at org.jetbrains.kotlin.cli.pipeline.PipelinePhase.phaseBody(PipelinePhase.kt:68)
	at org.jetbrains.kotlin.cli.pipeline.PipelinePhase.phaseBody(PipelinePhase.kt:58)
	at org.jetbrains.kotlin.config.phaser.NamedCompilerPhase.invoke(CompilerPhase.kt:102)
	at org.jetbrains.kotlin.backend.common.phaser.CompositePhase.invoke(PhaseBuilders.kt:22)
	at org.jetbrains.kotlin.config.phaser.CompilerPhaseKt.invokeToplevel(CompilerPhase.kt:53)
	at org.jetbrains.kotlin.cli.pipeline.AbstractCliPipeline.runPhasedPipeline(AbstractCliPipeline.kt:109)
	at org.jetbrains.kotlin.cli.pipeline.AbstractCliPipeline.execute(AbstractCliPipeline.kt:68)
	at org.jetbrains.kotlin.cli.jvm.K2JVMCompiler.doExecutePhased(K2JVMCompiler.kt:51)
	at org.jetbrains.kotlin.cli.jvm.K2JVMCompiler.doExecutePhased(K2JVMCompiler.kt:42)
	at org.jetbrains.kotlin.cli.common.CLICompiler.execImpl(CLICompiler.kt:91)
	at org.jetbrains.kotlin.cli.common.CLICompiler.exec(CLICompiler.kt:363)
	at org.jetbrains.kotlin.incremental.IncrementalJvmCompilerRunnerBase.runCompiler(IncrementalJvmCompilerRunnerBase.kt:210)
	at org.jetbrains.kotlin.incremental.IncrementalJvmCompilerRunnerBase.runCompiler(IncrementalJvmCompilerRunnerBase.kt:52)
	at org.jetbrains.kotlin.incremental.IncrementalCompilerRunner.doCompile(IncrementalCompilerRunner.kt:510)
	at org.jetbrains.kotlin.incremental.IncrementalCompilerRunner.compileImpl(IncrementalCompilerRunner.kt:422)
	at org.jetbrains.kotlin.incremental.IncrementalCompilerRunner.compileNonIncrementally(IncrementalCompilerRunner.kt:304)
	at org.jetbrains.kotlin.incremental.IncrementalCompilerRunner.compile(IncrementalCompilerRunner.kt:131)
	at org.jetbrains.kotlin.daemon.CompileServiceImplBase.execIncrementalCompiler(CompileServiceImpl.kt:764)
	at org.jetbrains.kotlin.daemon.CompileServiceImplBase.access$execIncrementalCompiler(CompileServiceImpl.kt:107)
	at org.jetbrains.kotlin.daemon.CompileServiceImpl.compile(CompileServiceImpl.kt:2026)
	at java.base/jdk.internal.reflect.DirectMethodHandleAccessor.invoke(Unknown Source)
	at java.base/java.lang.reflect.Method.invoke(Unknown Source)
	at java.rmi/sun.rmi.server.UnicastServerRef.dispatch(Unknown Source)
	at java.rmi/sun.rmi.transport.Transport$1.run(Unknown Source)
	at java.rmi/sun.rmi.transport.Transport$1.run(Unknown Source)
	at java.base/java.security.AccessController.doPrivileged(Unknown Source)
	at java.rmi/sun.rmi.transport.Transport.serviceCall(Unknown Source)
	at java.rmi/sun.rmi.transport.tcp.TCPTransport.handleMessages(Unknown Source)
	at java.rmi/sun.rmi.transport.tcp.TCPTransport$ConnectionHandler.run0(Unknown Source)
	at java.rmi/sun.rmi.transport.tcp.TCPTransport$ConnectionHandler.lambda$run$0(Unknown Source)
	at java.base/java.security.AccessController.doPrivileged(Unknown Source)
	at java.rmi/sun.rmi.transport.tcp.TCPTransport$ConnectionHandler.run(Unknown Source)
	at java.base/java.util.concurrent.ThreadPoolExecutor.runWorker(Unknown Source)
	at java.base/java.util.concurrent.ThreadPoolExecutor$Worker.run(Unknown Source)
	at java.base/java.lang.Thread.run(Unknown Source)
Caused by: org.jetbrains.kotlin.codegen.CompilationException: Back-end (JVM) Internal error: Couldn't inline method call: CALL 'public final fun koinViewModel$default <T> (qualifier: org.koin.core.qualifier.Qualifier?, viewModelStoreOwner: androidx.lifecycle.ViewModelStoreOwner?, key: kotlin.String?, extras: androidx.lifecycle.viewmodel.CreationExtras?, scope: org.koin.core.scope.Scope?, parameters: kotlin.Function0<org.koin.core.parameter.ParametersHolder>?, $mask0: kotlin.Int, $handler: kotlin.Any?): T of org.koin.androidx.compose.ViewModelKt.koinViewModel$default [inline] declared in org.koin.androidx.compose.ViewModelKt' type=T of org.koin.androidx.compose.ViewModelKt.koinViewModel$default origin=DEFAULT_DISPATCH_CALL
Method: null
File is unknown
The root cause java.lang.IllegalStateException was thrown at: org.jetbrains.kotlin.codegen.inline.SourceCompilerForInlineKt.getMethodNode(SourceCompilerForInline.kt:129)
	at org.jetbrains.kotlin.backend.jvm.codegen.IrInlineCodegen.genInlineCall(IrInlineCodegen.kt:81)
	at org.jetbrains.kotlin.backend.jvm.codegen.IrInlineCallGenerator.genCall(IrInlineCallGenerator.kt:36)
	at org.jetbrains.kotlin.backend.jvm.codegen.ExpressionCodegen.visitCall(ExpressionCodegen.kt:562)
	at org.jetbrains.kotlin.backend.jvm.codegen.ExpressionCodegen.visitCall(ExpressionCodegen.kt:140)
	at org.jetbrains.kotlin.ir.expressions.IrCall.accept(IrCall.kt:24)
	at org.jetbrains.kotlin.backend.jvm.codegen.ExpressionCodegen.visitTypeOperator(ExpressionCodegen.kt:1044)
	at org.jetbrains.kotlin.backend.jvm.codegen.ExpressionCodegen.visitTypeOperator(ExpressionCodegen.kt:140)
	at org.jetbrains.kotlin.ir.expressions.IrTypeOperatorCall.accept(IrTypeOperatorCall.kt:26)
	at org.jetbrains.kotlin.backend.jvm.codegen.ExpressionCodegen.visitSetValue(ExpressionCodegen.kt:854)
	at org.jetbrains.kotlin.backend.jvm.codegen.ExpressionCodegen.visitSetValue(ExpressionCodegen.kt:140)
	at org.jetbrains.kotlin.ir.expressions.IrSetValue.accept(IrSetValue.kt:21)
	at org.jetbrains.kotlin.backend.jvm.codegen.ExpressionCodegen.visitWhen(ExpressionCodegen.kt:1018)
	at org.jetbrains.kotlin.backend.jvm.codegen.ExpressionCodegen.visitWhen(ExpressionCodegen.kt:140)
	at org.jetbrains.kotlin.ir.expressions.IrWhen.accept(IrWhen.kt:24)
	at org.jetbrains.kotlin.backend.jvm.codegen.ExpressionCodegen.visitStatementContainer(ExpressionCodegen.kt:491)
	at org.jetbrains.kotlin.backend.jvm.codegen.ExpressionCodegen.visitBlockBody(ExpressionCodegen.kt:496)
	at org.jetbrains.kotlin.backend.jvm.codegen.ExpressionCodegen.visitBlockBody(ExpressionCodegen.kt:140)
	at org.jetbrains.kotlin.ir.expressions.IrBlockBody.accept(IrBlockBody.kt:20)
	at org.jetbrains.kotlin.backend.jvm.codegen.ExpressionCodegen.generate(ExpressionCodegen.kt:233)
	at org.jetbrains.kotlin.backend.jvm.codegen.FunctionCodegen.doGenerate(FunctionCodegen.kt:135)
	at org.jetbrains.kotlin.backend.jvm.codegen.FunctionCodegen.generate(FunctionCodegen.kt:54)
	... 44 more
Caused by: java.lang.IllegalStateException: couldn't find inline method Lorg/koin/androidx/compose/ViewModelKt;.koinViewModel$default(Lorg/koin/core/qualifier/Qualifier;Landroidx/lifecycle/ViewModelStoreOwner;Ljava/lang/String;Landroidx/lifecycle/viewmodel/CreationExtras;Lorg/koin/core/scope/Scope;Lkotlin/jvm/functions/Function0;ILjava/lang/Object;)Landroidx/lifecycle/ViewModel;
	at org.jetbrains.kotlin.codegen.inline.SourceCompilerForInlineKt.getMethodNode(SourceCompilerForInline.kt:129)
	at org.jetbrains.kotlin.codegen.inline.SourceCompilerForInlineKt.loadCompiledInlineFunction$lambda$0(SourceCompilerForInline.kt:98)
	at org.jetbrains.kotlin.codegen.inline.InlineCache.computeMethodBytes(InlineCache.kt:90)
	at org.jetbrains.kotlin.codegen.inline.SourceCompilerForInlineKt.loadCompiledInlineFunction(SourceCompilerForInline.kt:93)
	at org.jetbrains.kotlin.backend.jvm.codegen.IrSourceCompilerForInline.compileInlineFunction(IrSourceCompilerForInline.kt:96)
	at org.jetbrains.kotlin.backend.jvm.codegen.IrInlineCodegen.genInlineCall(IrInlineCodegen.kt:64)
	... 64 more


error message: java.lang.RuntimeException: Exception while generating code for:
FUN FUNCTION_FOR_DEFAULT_PARAMETER name:PhotoBackupRoot$default visibility:public modality:FINAL returnType:kotlin.Unit
  VALUE_PARAMETER kind:Regular name:viewModel index:0 type:nl.codingwithlinda.cloud_photo_upload.presentation.PhotoBackupViewModel? [assignable]
    EXPRESSION_BODY
      ERROR_EXPR 'Default Stub' type=nl.codingwithlinda.cloud_photo_upload.presentation.PhotoBackupViewModel
  VALUE_PARAMETER kind:Regular name:modifier index:1 type:androidx.compose.ui.Modifier? [assignable]
    EXPRESSION_BODY
      ERROR_EXPR 'Default Stub' type=androidx.compose.ui.Modifier
  VALUE_PARAMETER MASK_FOR_DEFAULT_FUNCTION kind:Regular name:$mask0 index:2 type:kotlin.Int
  VALUE_PARAMETER METHOD_HANDLER_IN_DEFAULT_FUNCTION kind:Regular name:$handler index:3 type:kotlin.Any?
  annotations:
    Composable
  BLOCK_BODY
    WHEN type=kotlin.Unit origin=null
      BRANCH
        if: CALL 'public final fun not (): kotlin.Boolean [operator] declared in kotlin.Boolean' type=kotlin.Boolean origin=EXCLEQ
          ARG <this>: CALL 'public final fun EQEQ (arg0: kotlin.Any?, arg1: kotlin.Any?): kotlin.Boolean declared in kotlin.internal.ir' type=kotlin.Boolean origin=EXCLEQ
            ARG arg0: CALL 'public final fun and (other: kotlin.Int): kotlin.Int [infix] declared in kotlin.Int' type=kotlin.Int origin=null
              ARG <this>: GET_VAR '$mask0: kotlin.Int declared in nl.codingwithlinda.cloud_photo_upload.presentation.PhotoBackupRootKt.PhotoBackupRoot$default' type=kotlin.Int origin=null
              ARG other: CONST Int type=kotlin.Int value=1
            ARG arg1: CONST Int type=kotlin.Int value=0
        then: SET_VAR 'viewModel: nl.codingwithlinda.cloud_photo_upload.presentation.PhotoBackupViewModel? [assignable] declared in nl.codingwithlinda.cloud_photo_upload.presentation.PhotoBackupRootKt.PhotoBackupRoot$default' type=kotlin.Unit origin=EQ
          TYPE_OP type=nl.codingwithlinda.cloud_photo_upload.presentation.PhotoBackupViewModel origin=IMPLICIT_CAST typeOperand=nl.codingwithlinda.cloud_photo_upload.presentation.PhotoBackupViewModel
            CALL 'public final fun koinViewModel$default <T> (qualifier: org.koin.core.qualifier.Qualifier?, viewModelStoreOwner: androidx.lifecycle.ViewModelStoreOwner?, key: kotlin.String?, extras: androidx.lifecycle.viewmodel.CreationExtras?, scope: org.koin.core.scope.Scope?, parameters: kotlin.Function0<org.koin.core.parameter.ParametersHolder>?, $mask0: kotlin.Int, $handler: kotlin.Any?): T of org.koin.androidx.compose.ViewModelKt.koinViewModel$default [inline] declared in org.koin.androidx.compose.ViewModelKt' type=T of org.koin.androidx.compose.ViewModelKt.koinViewModel$default origin=DEFAULT_DISPATCH_CALL
              TYPE_ARG T: nl.codingwithlinda.cloud_photo_upload.presentation.PhotoBackupViewModel
              ARG qualifier: COMPOSITE type=org.koin.core.qualifier.Qualifier? origin=DEFAULT_VALUE
                CONST Null type=org.koin.core.qualifier.Qualifier? value=null
              ARG viewModelStoreOwner: COMPOSITE type=androidx.lifecycle.ViewModelStoreOwner? origin=DEFAULT_VALUE
                CONST Null type=androidx.lifecycle.ViewModelStoreOwner? value=null
              ARG key: COMPOSITE type=kotlin.String? origin=DEFAULT_VALUE
                CONST Null type=kotlin.String? value=null
              ARG extras: COMPOSITE type=androidx.lifecycle.viewmodel.CreationExtras? origin=DEFAULT_VALUE
                CONST Null type=androidx.lifecycle.viewmodel.CreationExtras? value=null
              ARG scope: COMPOSITE type=org.koin.core.scope.Scope? origin=DEFAULT_VALUE
                CONST Null type=org.koin.core.scope.Scope? value=null
              ARG parameters: COMPOSITE type=kotlin.Function0<org.koin.core.parameter.ParametersHolder>? origin=DEFAULT_VALUE
                CONST Null type=kotlin.Function0<org.koin.core.parameter.ParametersHolder>? value=null
              ARG $mask0: CONST Int type=kotlin.Int value=63
              ARG $handler: CONST Null type=kotlin.Any? value=null
    WHEN type=kotlin.Unit origin=null
      BRANCH
        if: CALL 'public final fun not (): kotlin.Boolean [operator] declared in kotlin.Boolean' type=kotlin.Boolean origin=EXCLEQ
          ARG <this>: CALL 'public final fun EQEQ (arg0: kotlin.Any?, arg1: kotlin.Any?): kotlin.Boolean declared in kotlin.internal.ir' type=kotlin.Boolean origin=EXCLEQ
            ARG arg0: CALL 'public final fun and (other: kotlin.Int): kotlin.Int [infix] declared in kotlin.Int' type=kotlin.Int origin=null
              ARG <this>: GET_VAR '$mask0: kotlin.Int declared in nl.codingwithlinda.cloud_photo_upload.presentation.PhotoBackupRootKt.PhotoBackupRoot$default' type=kotlin.Int origin=null
              ARG other: CONST Int type=kotlin.Int value=2
            ARG arg1: CONST Int type=kotlin.Int value=0
        then: SET_VAR 'modifier: androidx.compose.ui.Modifier? [assignable] declared in nl.codingwithlinda.cloud_photo_upload.presentation.PhotoBackupRootKt.PhotoBackupRoot$default' type=kotlin.Unit origin=EQ
          GET_FIELD 'FIELD FIELD_FOR_OBJECT_INSTANCE name:Companion type:androidx.compose.ui.Modifier.Companion visibility:public [final,static] declared in androidx.compose.ui.Modifier' type=androidx.compose.ui.Modifier.Companion origin=null
    RETURN type=kotlin.Nothing from='public final fun PhotoBackupRoot$default (viewModel: nl.codingwithlinda.cloud_photo_upload.presentation.PhotoBackupViewModel?, modifier: androidx.compose.ui.Modifier?, $mask0: kotlin.Int, $handler: kotlin.Any?): kotlin.Unit declared in nl.codingwithlinda.cloud_photo_upload.presentation.PhotoBackupRootKt'
      CALL 'public final fun PhotoBackupRoot (viewModel: nl.codingwithlinda.cloud_photo_upload.presentation.PhotoBackupViewModel, modifier: androidx.compose.ui.Modifier): kotlin.Unit declared in nl.codingwithlinda.cloud_photo_upload.presentation.PhotoBackupRootKt' type=kotlin.Unit origin=DEFAULT_STUB_CALL_TO_IMPLEMENTATION
        ARG viewModel: TYPE_OP type=nl.codingwithlinda.cloud_photo_upload.presentation.PhotoBackupViewModel origin=IMPLICIT_CAST typeOperand=nl.codingwithlinda.cloud_photo_upload.presentation.PhotoBackupViewModel
          GET_VAR 'viewModel: nl.codingwithlinda.cloud_photo_upload.presentation.PhotoBackupViewModel? [assignable] declared in nl.codingwithlinda.cloud_photo_upload.presentation.PhotoBackupRootKt.PhotoBackupRoot$default' type=nl.codingwithlinda.cloud_photo_upload.presentation.PhotoBackupViewModel? origin=null
        ARG modifier: TYPE_OP type=androidx.compose.ui.Modifier origin=IMPLICIT_CAST typeOperand=androidx.compose.ui.Modifier
          GET_VAR 'modifier: androidx.compose.ui.Modifier? [assignable] declared in nl.codingwithlinda.cloud_photo_upload.presentation.PhotoBackupRootKt.PhotoBackupRoot$default' type=androidx.compose.ui.Modifier? origin=null

	at org.jetbrains.kotlin.backend.jvm.codegen.FunctionCodegen.generate(FunctionCodegen.kt:57)
	at org.jetbrains.kotlin.backend.jvm.codegen.FunctionCodegen.generate$default(FunctionCodegen.kt:50)
	at org.jetbrains.kotlin.backend.jvm.codegen.ClassCodegen.generateMethodNode(ClassCodegen.kt:428)
	at org.jetbrains.kotlin.backend.jvm.codegen.ClassCodegen.generateMethod(ClassCodegen.kt:445)
	at org.jetbrains.kotlin.backend.jvm.codegen.ClassCodegen.generate(ClassCodegen.kt:168)
	at org.jetbrains.kotlin.backend.jvm.JvmIrCodegenFactory.generateFile(JvmIrCodegenFactory.kt:467)
	at org.jetbrains.kotlin.backend.jvm.JvmIrCodegenFactory.invokeCodegen(JvmIrCodegenFactory.kt:433)
	at org.jetbrains.kotlin.cli.jvm.compiler.KotlinToJVMBytecodeCompiler.runCodegen$cli(KotlinToJVMBytecodeCompiler.kt:409)
	at org.jetbrains.kotlin.cli.pipeline.jvm.JvmBackendPipelinePhase.executePhase(JvmBackendPipelinePhase.kt:89)
	at org.jetbrains.kotlin.cli.pipeline.jvm.JvmBackendPipelinePhase.executePhase(JvmBackendPipelinePhase.kt:27)
	at org.jetbrains.kotlin.cli.pipeline.PipelinePhase.phaseBody(PipelinePhase.kt:68)
	at org.jetbrains.kotlin.cli.pipeline.PipelinePhase.phaseBody(PipelinePhase.kt:58)
	at org.jetbrains.kotlin.config.phaser.NamedCompilerPhase.invoke(CompilerPhase.kt:102)
	at org.jetbrains.kotlin.backend.common.phaser.CompositePhase.invoke(PhaseBuilders.kt:22)
	at org.jetbrains.kotlin.config.phaser.CompilerPhaseKt.invokeToplevel(CompilerPhase.kt:53)
	at org.jetbrains.kotlin.cli.pipeline.AbstractCliPipeline.runPhasedPipeline(AbstractCliPipeline.kt:109)
	at org.jetbrains.kotlin.cli.pipeline.AbstractCliPipeline.execute(AbstractCliPipeline.kt:68)
	at org.jetbrains.kotlin.cli.jvm.K2JVMCompiler.doExecutePhased(K2JVMCompiler.kt:51)
	at org.jetbrains.kotlin.cli.jvm.K2JVMCompiler.doExecutePhased(K2JVMCompiler.kt:42)
	at org.jetbrains.kotlin.cli.common.CLICompiler.execImpl(CLICompiler.kt:91)
	at org.jetbrains.kotlin.cli.common.CLICompiler.exec(CLICompiler.kt:363)
	at org.jetbrains.kotlin.incremental.IncrementalJvmCompilerRunnerBase.runCompiler(IncrementalJvmCompilerRunnerBase.kt:210)
	at org.jetbrains.kotlin.incremental.IncrementalJvmCompilerRunnerBase.runCompiler(IncrementalJvmCompilerRunnerBase.kt:52)
	at org.jetbrains.kotlin.incremental.IncrementalCompilerRunner.doCompile(IncrementalCompilerRunner.kt:510)
	at org.jetbrains.kotlin.incremental.IncrementalCompilerRunner.compileImpl(IncrementalCompilerRunner.kt:422)
	at org.jetbrains.kotlin.incremental.IncrementalCompilerRunner.compileNonIncrementally(IncrementalCompilerRunner.kt:304)
	at org.jetbrains.kotlin.incremental.IncrementalCompilerRunner.compile(IncrementalCompilerRunner.kt:131)
	at org.jetbrains.kotlin.buildtools.internal.jvm.operations.JvmCompilationOperationImpl.compileInProcess(JvmCompilationOperationImpl.kt:423)
	at org.jetbrains.kotlin.buildtools.internal.jvm.operations.JvmCompilationOperationImpl.compileInProcess(JvmCompilationOperationImpl.kt:337)
	at org.jetbrains.kotlin.buildtools.internal.jvm.operations.JvmCompilationOperationImpl.executeCancellableImpl(JvmCompilationOperationImpl.kt:149)
	at org.jetbrains.kotlin.buildtools.internal.jvm.operations.JvmCompilationOperationImpl.executeCancellableImpl(JvmCompilationOperationImpl.kt:69)
	at org.jetbrains.kotlin.buildtools.internal.CancellableBuildOperationImpl.executeImpl(CancellableBuildOperationImpl.kt:58)
	at org.jetbrains.kotlin.buildtools.internal.BuildOperationImpl.execute(BuildOperationImpl.kt:34)
	at org.jetbrains.kotlin.buildtools.internal.KotlinToolchainsImpl$BuildSessionImpl.executeOperation$lambda$1(KotlinToolchainsImpl.kt:70)
	at java.base/java.util.concurrent.FutureTask.run(Unknown Source)
	at java.base/java.util.concurrent.ThreadPoolExecutor.runWorker(Unknown Source)
	at java.base/java.util.concurrent.ThreadPoolExecutor$Worker.run(Unknown Source)
	at java.base/java.lang.Thread.run(Unknown Source)
Caused by: org.jetbrains.kotlin.codegen.CompilationException: Back-end (JVM) Internal error: Couldn't inline method call: CALL 'public final fun koinViewModel$default <T> (qualifier: org.koin.core.qualifier.Qualifier?, viewModelStoreOwner: androidx.lifecycle.ViewModelStoreOwner?, key: kotlin.String?, extras: androidx.lifecycle.viewmodel.CreationExtras?, scope: org.koin.core.scope.Scope?, parameters: kotlin.Function0<org.koin.core.parameter.ParametersHolder>?, $mask0: kotlin.Int, $handler: kotlin.Any?): T of org.koin.androidx.compose.ViewModelKt.koinViewModel$default [inline] declared in org.koin.androidx.compose.ViewModelKt' type=T of org.koin.androidx.compose.ViewModelKt.koinViewModel$default origin=DEFAULT_DISPATCH_CALL
Method: null
File is unknown
The root cause java.lang.IllegalStateException was thrown at: org.jetbrains.kotlin.codegen.inline.SourceCompilerForInlineKt.getMethodNode(SourceCompilerForInline.kt:129)
	at org.jetbrains.kotlin.backend.jvm.codegen.IrInlineCodegen.genInlineCall(IrInlineCodegen.kt:81)
	at org.jetbrains.kotlin.backend.jvm.codegen.IrInlineCallGenerator.genCall(IrInlineCallGenerator.kt:36)
	at org.jetbrains.kotlin.backend.jvm.codegen.ExpressionCodegen.visitCall(ExpressionCodegen.kt:562)
	at org.jetbrains.kotlin.backend.jvm.codegen.ExpressionCodegen.visitCall(ExpressionCodegen.kt:140)
	at org.jetbrains.kotlin.ir.expressions.IrCall.accept(IrCall.kt:24)
	at org.jetbrains.kotlin.backend.jvm.codegen.ExpressionCodegen.visitTypeOperator(ExpressionCodegen.kt:1044)
	at org.jetbrains.kotlin.backend.jvm.codegen.ExpressionCodegen.visitTypeOperator(ExpressionCodegen.kt:140)
	at org.jetbrains.kotlin.ir.expressions.IrTypeOperatorCall.accept(IrTypeOperatorCall.kt:26)
	at org.jetbrains.kotlin.backend.jvm.codegen.ExpressionCodegen.visitSetValue(ExpressionCodegen.kt:854)
	at org.jetbrains.kotlin.backend.jvm.codegen.ExpressionCodegen.visitSetValue(ExpressionCodegen.kt:140)
	at org.jetbrains.kotlin.ir.expressions.IrSetValue.accept(IrSetValue.kt:21)
	at org.jetbrains.kotlin.backend.jvm.codegen.ExpressionCodegen.visitWhen(ExpressionCodegen.kt:1018)
	at org.jetbrains.kotlin.backend.jvm.codegen.ExpressionCodegen.visitWhen(ExpressionCodegen.kt:140)
	at org.jetbrains.kotlin.ir.expressions.IrWhen.accept(IrWhen.kt:24)
	at org.jetbrains.kotlin.backend.jvm.codegen.ExpressionCodegen.visitStatementContainer(ExpressionCodegen.kt:491)
	at org.jetbrains.kotlin.backend.jvm.codegen.ExpressionCodegen.visitBlockBody(ExpressionCodegen.kt:496)
	at org.jetbrains.kotlin.backend.jvm.codegen.ExpressionCodegen.visitBlockBody(ExpressionCodegen.kt:140)
	at org.jetbrains.kotlin.ir.expressions.IrBlockBody.accept(IrBlockBody.kt:20)
	at org.jetbrains.kotlin.backend.jvm.codegen.ExpressionCodegen.generate(ExpressionCodegen.kt:233)
	at org.jetbrains.kotlin.backend.jvm.codegen.FunctionCodegen.doGenerate(FunctionCodegen.kt:135)
	at org.jetbrains.kotlin.backend.jvm.codegen.FunctionCodegen.generate(FunctionCodegen.kt:54)
	... 37 more
Caused by: java.lang.IllegalStateException: couldn't find inline method Lorg/koin/androidx/compose/ViewModelKt;.koinViewModel$default(Lorg/koin/core/qualifier/Qualifier;Landroidx/lifecycle/ViewModelStoreOwner;Ljava/lang/String;Landroidx/lifecycle/viewmodel/CreationExtras;Lorg/koin/core/scope/Scope;Lkotlin/jvm/functions/Function0;ILjava/lang/Object;)Landroidx/lifecycle/ViewModel;
	at org.jetbrains.kotlin.codegen.inline.SourceCompilerForInlineKt.getMethodNode(SourceCompilerForInline.kt:129)
	at org.jetbrains.kotlin.codegen.inline.SourceCompilerForInlineKt.loadCompiledInlineFunction$lambda$0(SourceCompilerForInline.kt:98)
	at org.jetbrains.kotlin.codegen.inline.InlineCache.computeMethodBytes(InlineCache.kt:90)
	at org.jetbrains.kotlin.codegen.inline.SourceCompilerForInlineKt.loadCompiledInlineFunction(SourceCompilerForInline.kt:93)
	at org.jetbrains.kotlin.backend.jvm.codegen.IrSourceCompilerForInline.compileInlineFunction(IrSourceCompilerForInline.kt:96)
	at org.jetbrains.kotlin.backend.jvm.codegen.IrInlineCodegen.genInlineCall(IrInlineCodegen.kt:64)
	... 57 more


